app/build/outputs/logs/manifest-merger-debug-report.txt
-- Merging decision tree log ---
manifest
ADDED from src\main\AndroidManifest.xml:2:1-107:12
	package
		ADDED from src\main\AndroidManifest.xml:3:5-30
		INJECTED from src\main\AndroidManifest.xml
		INJECTED from src\main\AndroidManifest.xml
	android:versionName
		ADDED from src\main\AndroidManifest.xml:5:5-30
		INJECTED from src\main\AndroidManifest.xml
		INJECTED from src\main\AndroidManifest.xml
	android:versionCode
		ADDED from src\main\AndroidManifest.xml:4:5-28
		INJECTED from src\main\AndroidManifest.xml
		INJECTED from src\main\AndroidManifest.xml
	xmlns:android
		ADDED from src\main\AndroidManifest.xml:2:11-69
uses-sdk
ADDED from src\main\AndroidManifest.xml:7:5-9:41
	android:targetSdkVersion
		ADDED from src\main\AndroidManifest.xml:9:9-38
		INJECTED from src\main\AndroidManifest.xml
		INJECTED from src\main\AndroidManifest.xml
	android:minSdkVersion
		ADDED from src\main\AndroidManifest.xml:8:9-34
		INJECTED from src\main\AndroidManifest.xml
		INJECTED from src\main\AndroidManifest.xml
permission#com.moneymobile.permission.C2D_MESSAGE
ADDED from src\main\AndroidManifest.xml:11:5-13:47
	android:protectionLevel
		ADDED from src\main\AndroidManifest.xml:13:9-44
	android:name
		ADDED from src\main\AndroidManifest.xml:12:9-62
uses-permission#com.moneymobile.permission.C2D_MESSAGE
ADDED from src\main\AndroidManifest.xml:15:5-78
	android:name
		ADDED from src\main\AndroidManifest.xml:15:22-75
uses-permission#com.google.android.c2dm.permission.RECEIVE
ADDED from src\main\AndroidManifest.xml:16:5-82
	android:name
		ADDED from src\main\AndroidManifest.xml:16:22-79
uses-permission#android.permission.INTERNET
ADDED from src\main\AndroidManifest.xml:17:5-67
	android:name
		ADDED from src\main\AndroidManifest.xml:17:22-64
uses-permission#android.permission.ACCESS_NETWORK_STATE
ADDED from src\main\AndroidManifest.xml:18:5-79
	android:name
		ADDED from src\main\AndroidManifest.xml:18:22-76
uses-permission#android.permission.READ_PHONE_STATE
ADDED from src\main\AndroidManifest.xml:19:5-75
	android:name
		ADDED from src\main\AndroidManifest.xml:19:22-72
uses-permission#android.permission.GET_ACCOUNTS
ADDED from src\main\AndroidManifest.xml:20:5-71
	android:name
		ADDED from src\main\AndroidManifest.xml:20:22-68
uses-permission#android.permission.WAKE_LOCK
ADDED from src\main\AndroidManifest.xml:21:5-68
	android:name
		ADDED from src\main\AndroidManifest.xml:21:22-65
application
ADDED from src\main\AndroidManifest.xml:23:5-105:19
	android:label
		ADDED from src\main\AndroidManifest.xml:26:9-41
	android:allowBackup
		ADDED from src\main\AndroidManifest.xml:24:9-35
	android:icon
		ADDED from src\main\AndroidManifest.xml:25:9-45
	android:theme
		ADDED from src\main\AndroidManifest.xml:27:9-40
activity#com.moneymobile.ConnexionActivity
ADDED from src\main\AndroidManifest.xml:28:9-36:20
	android:label
		ADDED from src\main\AndroidManifest.xml:30:13-45
	android:name
		ADDED from src\main\AndroidManifest.xml:29:13-61
intent-filter#android.intent.action.MAIN+android.intent.category.LAUNCHER
ADDED from src\main\AndroidManifest.xml:31:13-35:29
action#android.intent.action.MAIN
ADDED from src\main\AndroidManifest.xml:32:17-69
	android:name
		ADDED from src\main\AndroidManifest.xml:32:25-66
category#android.intent.category.LAUNCHER
ADDED from src\main\AndroidManifest.xml:34:17-77
	android:name
		ADDED from src\main\AndroidManifest.xml:34:27-74
activity#com.moneymobile.BaseActivity
ADDED from src\main\AndroidManifest.xml:37:9-40:20
	android:label
		ADDED from src\main\AndroidManifest.xml:39:13-56
	android:name
		ADDED from src\main\AndroidManifest.xml:38:13-56
activity#com.moneymobile.AccueilActivity
ADDED from src\main\AndroidManifest.xml:41:9-44:20
	android:label
		ADDED from src\main\AndroidManifest.xml:43:13-59
	android:name
		ADDED from src\main\AndroidManifest.xml:42:13-59
activity#com.moneymobile.EnvoyerArgentActivity
ADDED from src\main\AndroidManifest.xml:45:9-48:20
	android:label
		ADDED from src\main\AndroidManifest.xml:47:13-66
	android:name
		ADDED from src\main\AndroidManifest.xml:46:13-65
activity#com.moneymobile.GererMonCompteActivity
ADDED from src\main\AndroidManifest.xml:49:9-52:20
	android:label
		ADDED from src\main\AndroidManifest.xml:51:13-68
	android:name
		ADDED from src\main\AndroidManifest.xml:50:13-66
activity#com.moneymobile.DemanderArgentActivity
ADDED from src\main\AndroidManifest.xml:53:9-56:20
	android:label
		ADDED from src\main\AndroidManifest.xml:55:13-67
	android:name
		ADDED from src\main\AndroidManifest.xml:54:13-66
activity#com.moneymobile.AccepterArgentActivity
ADDED from src\main\AndroidManifest.xml:57:9-60:20
	android:label
		ADDED from src\main\AndroidManifest.xml:59:13-67
	android:name
		ADDED from src\main\AndroidManifest.xml:58:13-66
activity#com.moneymobile.HistoriqueActivity
ADDED from src\main\AndroidManifest.xml:61:9-64:20
	android:label
		ADDED from src\main\AndroidManifest.xml:63:13-62
	android:name
		ADDED from src\main\AndroidManifest.xml:62:13-62
activity#com.moneymobile.CoopterUnAmiActivity
ADDED from src\main\AndroidManifest.xml:65:9-68:20
	android:label
		ADDED from src\main\AndroidManifest.xml:67:13-66
	android:name
		ADDED from src\main\AndroidManifest.xml:66:13-64
activity#com.moneymobile.AideActivity
ADDED from src\main\AndroidManifest.xml:69:9-72:20
	android:label
		ADDED from src\main\AndroidManifest.xml:71:13-56
	android:name
		ADDED from src\main\AndroidManifest.xml:70:13-56
activity#com.moneymobile.DeconnexionActivity
ADDED from src\main\AndroidManifest.xml:73:9-76:20
	android:label
		ADDED from src\main\AndroidManifest.xml:75:13-63
	android:name
		ADDED from src\main\AndroidManifest.xml:74:13-63
activity#com.moneymobile.InscriptionActivity
ADDED from src\main\AndroidManifest.xml:77:9-80:20
	android:label
		ADDED from src\main\AndroidManifest.xml:79:13-63
	android:name
		ADDED from src\main\AndroidManifest.xml:78:13-63
activity#com.moneymobile.RechargerCompteActivity
ADDED from src\main\AndroidManifest.xml:81:9-84:20
	android:label
		ADDED from src\main\AndroidManifest.xml:83:13-68
	android:name
		ADDED from src\main\AndroidManifest.xml:82:13-67
activity#com.moneymobile.ConfirmerRechargeActivity
ADDED from src\main\AndroidManifest.xml:85:9-88:20
	android:label
		ADDED from src\main\AndroidManifest.xml:87:13-70
	android:name
		ADDED from src\main\AndroidManifest.xml:86:13-69
activity#com.moneymobile.ConfirmerVirementActivity
ADDED from src\main\AndroidManifest.xml:89:9-92:20
	android:label
		ADDED from src\main\AndroidManifest.xml:91:13-70
	android:name
		ADDED from src\main\AndroidManifest.xml:90:13-69
activity#com.moneymobile.RechargerCompteConfirmationActivity
ADDED from src\main\AndroidManifest.xml:93:9-96:20
	android:label
		ADDED from src\main\AndroidManifest.xml:95:13-81
	android:name
		ADDED from src\main\AndroidManifest.xml:94:13-79
activity#com.moneymobile.RetirerActivity
ADDED from src\main\AndroidManifest.xml:97:9-100:20
	android:label
		ADDED from src\main\AndroidManifest.xml:99:13-44
	android:name
		ADDED from src\main\AndroidManifest.xml:98:13-59
activity#com.moneymobile.RetirerConfirmationActivity
ADDED from src\main\AndroidManifest.xml:101:9-104:20
	android:label
		ADDED from src\main\AndroidManifest.xml:103:13-56
	android:name
		ADDED from src\main\AndroidManifest.xml:102:13-71